[debug] [2025-05-31T12:50:44.410Z] ----------------------------------------------------------------------
[debug] [2025-05-31T12:50:44.413Z] Command:       C:\Program Files\nodejs\node.exe C:\Users\manas\AppData\Roaming\npm\node_modules\firebase-tools\lib\bin\firebase.js init
[debug] [2025-05-31T12:50:44.414Z] CLI Version:   14.5.1
[debug] [2025-05-31T12:50:44.414Z] Platform:      win32
[debug] [2025-05-31T12:50:44.414Z] Node Version:  v22.16.0
[debug] [2025-05-31T12:50:44.414Z] Time:          Sat May 31 2025 18:20:44 GMT+0530 (India Standard Time)
[debug] [2025-05-31T12:50:44.414Z] ----------------------------------------------------------------------
[debug] 
[debug] [2025-05-31T12:50:44.418Z] > command requires scopes: ["email","openid","https://www.googleapis.com/auth/cloudplatformprojects.readonly","https://www.googleapis.com/auth/firebase","https://www.googleapis.com/auth/cloud-platform"]
[debug] [2025-05-31T12:50:44.419Z] > authorizing via signed-in user (manasop21@gmail.com)
[info] 
     ######## #### ########  ######## ########     ###     ######  ########
     ##        ##  ##     ## ##       ##     ##  ##   ##  ##       ##
     ######    ##  ########  ######   ########  #########  ######  ######
     ##        ##  ##    ##  ##       ##     ## ##     ##       ## ##
     ##       #### ##     ## ######## ########  ##     ##  ######  ########

You're about to initialize a Firebase project in this directory:

  C:\Users\manas\AndroidStudioProjects\emedibotsimpleuserlogin2

[info] 
=== Project Setup
[info] 
[info] First, let's associate this project directory with a Firebase project.
[info] You can create multiple project aliases by running firebase use --add, 
[info] but for now we'll just set up a default project.
[info] 
[debug] [2025-05-31T12:51:57.213Z] Checked if tokens are valid: true, expires at: 1748698821059
[debug] [2025-05-31T12:51:57.213Z] Checked if tokens are valid: true, expires at: 1748698821059
[debug] [2025-05-31T12:51:57.214Z] >>> [apiv2][query] GET https://firebase.googleapis.com/v1beta1/availableProjects pageSize=100
[debug] [2025-05-31T12:51:58.126Z] <<< [apiv2][status] GET https://firebase.googleapis.com/v1beta1/availableProjects 200
[debug] [2025-05-31T12:51:58.126Z] <<< [apiv2][body] GET https://firebase.googleapis.com/v1beta1/availableProjects [omitted]
[debug] [2025-05-31T12:52:06.809Z] Checked if tokens are valid: true, expires at: 1748698821059
[debug] [2025-05-31T12:52:06.809Z] Checked if tokens are valid: true, expires at: 1748698821059
[debug] [2025-05-31T12:52:06.809Z] >>> [apiv2][query] POST https://firebase.googleapis.com/v1beta1/projects/tokyo-silicon-436718-a8:addFirebase [none]
[debug] [2025-05-31T12:52:08.720Z] <<< [apiv2][status] POST https://firebase.googleapis.com/v1beta1/projects/tokyo-silicon-436718-a8:addFirebase 200
[debug] [2025-05-31T12:52:08.721Z] <<< [apiv2][body] POST https://firebase.googleapis.com/v1beta1/projects/tokyo-silicon-436718-a8:addFirebase {"name":"operations/workflows/NzA0Yzg3ODMtNDQ1NS00MDY2LTliZjQtZWNiYjczZjMyMjBk"}
[debug] [2025-05-31T12:52:08.722Z] Checked if tokens are valid: true, expires at: 1748698821059
[debug] [2025-05-31T12:52:08.722Z] Checked if tokens are valid: true, expires at: 1748698821059
[debug] [2025-05-31T12:52:08.722Z] >>> [apiv2][query] GET https://firebase.googleapis.com/v1beta1/operations/workflows/NzA0Yzg3ODMtNDQ1NS00MDY2LTliZjQtZWNiYjczZjMyMjBk [none]
[debug] [2025-05-31T12:52:11.264Z] <<< [apiv2][status] GET https://firebase.googleapis.com/v1beta1/operations/workflows/NzA0Yzg3ODMtNDQ1NS00MDY2LTliZjQtZWNiYjczZjMyMjBk 200
[debug] [2025-05-31T12:52:11.265Z] <<< [apiv2][body] GET https://firebase.googleapis.com/v1beta1/operations/workflows/NzA0Yzg3ODMtNDQ1NS00MDY2LTliZjQtZWNiYjczZjMyMjBk {"name":"operations/workflows/NzA0Yzg3ODMtNDQ1NS00MDY2LTliZjQtZWNiYjczZjMyMjBk"}
[debug] [2025-05-31T12:52:11.777Z] [Add Firebase Poller] Retrying task index 0
[debug] [2025-05-31T12:52:11.778Z] Checked if tokens are valid: true, expires at: 1748698821059
[debug] [2025-05-31T12:52:11.779Z] Checked if tokens are valid: true, expires at: 1748698821059
[debug] [2025-05-31T12:52:11.779Z] >>> [apiv2][query] GET https://firebase.googleapis.com/v1beta1/operations/workflows/NzA0Yzg3ODMtNDQ1NS00MDY2LTliZjQtZWNiYjczZjMyMjBk [none]
[debug] [2025-05-31T12:52:12.460Z] <<< [apiv2][status] GET https://firebase.googleapis.com/v1beta1/operations/workflows/NzA0Yzg3ODMtNDQ1NS00MDY2LTliZjQtZWNiYjczZjMyMjBk 200
[debug] [2025-05-31T12:52:12.460Z] <<< [apiv2][body] GET https://firebase.googleapis.com/v1beta1/operations/workflows/NzA0Yzg3ODMtNDQ1NS00MDY2LTliZjQtZWNiYjczZjMyMjBk {"name":"operations/workflows/NzA0Yzg3ODMtNDQ1NS00MDY2LTliZjQtZWNiYjczZjMyMjBk"}
[debug] [2025-05-31T12:52:13.472Z] [Add Firebase Poller] Retrying task index 0
[debug] [2025-05-31T12:52:13.473Z] Checked if tokens are valid: true, expires at: 1748698821059
[debug] [2025-05-31T12:52:13.474Z] Checked if tokens are valid: true, expires at: 1748698821059
[debug] [2025-05-31T12:52:13.474Z] >>> [apiv2][query] GET https://firebase.googleapis.com/v1beta1/operations/workflows/NzA0Yzg3ODMtNDQ1NS00MDY2LTliZjQtZWNiYjczZjMyMjBk [none]
[debug] [2025-05-31T12:52:14.043Z] <<< [apiv2][status] GET https://firebase.googleapis.com/v1beta1/operations/workflows/NzA0Yzg3ODMtNDQ1NS00MDY2LTliZjQtZWNiYjczZjMyMjBk 200
[debug] [2025-05-31T12:52:14.044Z] <<< [apiv2][body] GET https://firebase.googleapis.com/v1beta1/operations/workflows/NzA0Yzg3ODMtNDQ1NS00MDY2LTliZjQtZWNiYjczZjMyMjBk {"name":"operations/workflows/NzA0Yzg3ODMtNDQ1NS00MDY2LTliZjQtZWNiYjczZjMyMjBk"}
[debug] [2025-05-31T12:52:16.053Z] [Add Firebase Poller] Retrying task index 0
[debug] [2025-05-31T12:52:16.055Z] Checked if tokens are valid: true, expires at: 1748698821059
[debug] [2025-05-31T12:52:16.057Z] Checked if tokens are valid: true, expires at: 1748698821059
[debug] [2025-05-31T12:52:16.057Z] >>> [apiv2][query] GET https://firebase.googleapis.com/v1beta1/operations/workflows/NzA0Yzg3ODMtNDQ1NS00MDY2LTliZjQtZWNiYjczZjMyMjBk [none]
[debug] [2025-05-31T12:52:16.639Z] <<< [apiv2][status] GET https://firebase.googleapis.com/v1beta1/operations/workflows/NzA0Yzg3ODMtNDQ1NS00MDY2LTliZjQtZWNiYjczZjMyMjBk 200
[debug] [2025-05-31T12:52:16.639Z] <<< [apiv2][body] GET https://firebase.googleapis.com/v1beta1/operations/workflows/NzA0Yzg3ODMtNDQ1NS00MDY2LTliZjQtZWNiYjczZjMyMjBk {"name":"operations/workflows/NzA0Yzg3ODMtNDQ1NS00MDY2LTliZjQtZWNiYjczZjMyMjBk"}
[debug] [2025-05-31T12:52:20.653Z] [Add Firebase Poller] Retrying task index 0
[debug] [2025-05-31T12:52:20.654Z] Checked if tokens are valid: true, expires at: 1748698821059
[debug] [2025-05-31T12:52:20.654Z] Checked if tokens are valid: true, expires at: 1748698821059
[debug] [2025-05-31T12:52:20.654Z] >>> [apiv2][query] GET https://firebase.googleapis.com/v1beta1/operations/workflows/NzA0Yzg3ODMtNDQ1NS00MDY2LTliZjQtZWNiYjczZjMyMjBk [none]
[debug] [2025-05-31T12:52:21.286Z] <<< [apiv2][status] GET https://firebase.googleapis.com/v1beta1/operations/workflows/NzA0Yzg3ODMtNDQ1NS00MDY2LTliZjQtZWNiYjczZjMyMjBk 200
[debug] [2025-05-31T12:52:21.286Z] <<< [apiv2][body] GET https://firebase.googleapis.com/v1beta1/operations/workflows/NzA0Yzg3ODMtNDQ1NS00MDY2LTliZjQtZWNiYjczZjMyMjBk {"name":"operations/workflows/NzA0Yzg3ODMtNDQ1NS00MDY2LTliZjQtZWNiYjczZjMyMjBk","done":true,"response":{"@type":"type.googleapis.com/google.firebase.service.v1beta1.FirebaseProject","projectId":"tokyo-silicon-436718-a8","projectNumber":"441463146048","displayName":"My First Project","name":"projects/tokyo-silicon-436718-a8","resources":{"hostingSite":"tokyo-silicon-436718-a8"}}}
[info] 
[info] === Your Firebase project is ready! ===
[info] 
[info] Project information:
[info]    - Project ID: tokyo-silicon-436718-a8
[info]    - Project Name: My First Project
[info] 
[info] Firebase console is available at
[info] https://console.firebase.google.com/project/tokyo-silicon-436718-a8/overview
[info] i  Using project tokyo-silicon-436718-a8 (My First Project) 
[info] 
=== Storage Setup
[info] 
[info] Firebase Storage Security Rules allow you to define how and when to allow
[info] uploads and downloads. You can keep these rules in your project directory
[info] and publish them with firebase deploy.
[info] 
